#
# A fatal error has been detected by the Java Runtime Environment:
#
#  SIGSEGV (0xb) at pc=0x000000010f14f3a0, pid=16573, tid=16643
#
# JRE version: Java(TM) SE Runtime Environment (7.0_75-b13) (build 1.7.0_75-b13)
# Java VM: Java HotSpot(TM) 64-Bit Server VM (24.75-b04 mixed mode bsd-amd64 compressed oops)
# Problematic frame:
# V  [libjvm.dylib+0x3383a0]  jvmti_IsMethodSynthetic+0xb9
#
# Failed to write core dump. Core dumps have been disabled. To enable core dumping, try "ulimit -c unlimited" before starting Java again
#
# If you would like to submit a bug report, please visit:
#   http://bugreport.sun.com/bugreport/crash.jsp
#

---------------  T H R E A D  ---------------

Current thread (0x00007fc88a80b000):  JavaThread "JDWP Transport Listener: dt_socket" daemon [_thread_in_vm, id=16643, stack(0x000000011f776000,0x000000011f876000)]

siginfo:si_signo=SIGSEGV: si_errno=0, si_code=0 (SEGV0), si_addr=0x0000000000000000

Registers:
RAX=0x0000000000000001, RBX=0x000000011f875a8b, RCX=0x00000000000fc080, RDX=0x000000011f875a8b
RSP=0x000000011f8759f0, RBP=0x000000011f875a40, RSI=0x00007fc88a80b000, RDI=0x00007fc88951d2c0
R8 =0x0000000000000000, R9 =0x00007fc889600000, R10=0x0000000000000010, R11=0x00007fc889600000
R12=0x00007fc88a80b000, R13=0xe000000000000000, R14=0xe000000000000000, R15=0x00007fc88951d2c0
RIP=0x000000010f14f3a0, EFLAGS=0x0000000000010286, ERR=0x0000000000000000
  TRAPNO=0x000000000000000d

Top of Stack: (sp=0x000000011f8759f0)
0x000000011f8759f0:   00007fc88a80b000 0000000000000000
0x000000011f875a00:   0000000000000000 0000000000000000
0x000000011f875a10:   00007fc88a80b000 00007fc88a80b000
0x000000011f875a20:   000000011f875a8b 000000011f875a90
0x000000011f875a30:   e000000000000000 0000000000000005
0x000000011f875a40:   000000011f875a60 000000010f9d81a8
0x000000011f875a50:   0000000000000001 000000011f875b08
0x000000011f875a60:   000000011f875ad0 000000010f9bcfbb
0x000000011f875a70:   000000011f875aa0 00007fc88961e020
0x000000011f875a80:   0000000600000032 0000000a00875b08
0x000000011f875a90:   0000000000000000 0000000000000000
0x000000011f875aa0:   0000000000000000 000000011f875c90
0x000000011f875ab0:   000000010f9dfdc2 00007fc88961e480
0x000000011f875ac0:   000000011f875b08 000000010f9eb588
0x000000011f875ad0:   000000011f875ae0 000000010f9bd0b4
0x000000011f875ae0:   000000011f875d00 000000010f9c6642
0x000000011f875af0:   00002f1d00000013 00000000000f0200
0x000000011f875b00:   00007fc889619bc0 00007fc88961f0df
0x000000011f875b10:   00007fc800000109 00007fc88961e440
0x000000011f875b20:   00007fc80000012c 000000011f875b58
0x000000011f875b30:   00007fc88961e440 00007f0000000000
0x000000011f875b40:   00002f1d00000030 00007fff0000cf80
0x000000011f875b50:   000000011f875b58 c87f000006000000
0x000000011f875b60:   2900000050b36189 79427265746c6966
0x000000011f875b70:   577972746e756f43 6f70736552687469
0x000000011f875b80:   41656d695465736e 696d694c65766f62
0x000000011f875b90:   6a4c283b00000074 522f6f692f617661
0x000000011f875ba0:   6a4c3b7265646165 676e616c2f617661
0x000000011f875bb0:   3b676e697274532f 2f6176616a4c294a
0x000000011f875bc0:   6c6f432f6c697475 3b6e6f697463656c
0x000000011f875bd0:   616a4c283e000000 65522f6f692f6176
0x000000011f875be0:   616a4c3b72656461 2f676e616c2f6176 

Instructions: (pc=0x000000010f14f3a0)
0x000000010f14f380:   00 00 00 41 f6 87 68 01 00 00 10 75 07 b8 63 00
0x000000010f14f390:   00 00 eb 7a 4d 85 f6 75 07 b8 17 00 00 00 eb 6e
0x000000010f14f3a0:   4d 8b 36 48 b8 fe fe fe fe fe fe fe fe 49 39 c6
0x000000010f14f3b0:   74 e7 4d 85 f6 74 e2 48 8d 05 e2 5e 4d 00 80 38 

Register to memory mapping:

RAX=0x0000000000000001 is an unknown value
RBX=0x000000011f875a8b is pointing into the stack for thread: 0x00007fc88a80b000
RCX=0x00000000000fc080 is an unknown value
RDX=0x000000011f875a8b is pointing into the stack for thread: 0x00007fc88a80b000
RSP=0x000000011f8759f0 is pointing into the stack for thread: 0x00007fc88a80b000
RBP=0x000000011f875a40 is pointing into the stack for thread: 0x00007fc88a80b000
RSI=0x00007fc88a80b000 is a thread
RDI=0x00007fc88951d2c0 is an unknown value
R8 =0x0000000000000000 is an unknown value
R9 =0x00007fc889600000 is an unknown value
R10=0x0000000000000010 is an unknown value
R11=0x00007fc889600000 is an unknown value
R12=0x00007fc88a80b000 is a thread
R13=0xe000000000000000 is an unknown value
R14=0xe000000000000000 is an unknown value
R15=0x00007fc88951d2c0 is an unknown value


Stack: [0x000000011f776000,0x000000011f876000],  sp=0x000000011f8759f0,  free space=1022k
Native frames: (J=compiled Java code, j=interpreted, Vv=VM code, C=native code)
V  [libjvm.dylib+0x3383a0]  jvmti_IsMethodSynthetic+0xb9
C  [libjdwp.dylib+0x201a8]  isMethodSynthetic+0x63
C  [libjdwp.dylib+0x4fbb]  methods1+0x10b
C  [libjdwp.dylib+0x50b4]  methodsWithGeneric+0xe
C  [libjdwp.dylib+0xe642]  debugLoop_run+0x1ce
C  [libjdwp.dylib+0x1f0e2]  attachThread+0x4d
V  [libjvm.dylib+0x378fc2]  JvmtiAgentThread::call_start_function()+0x38
V  [libjvm.dylib+0x4f6cb9]  JavaThread::thread_main_inner()+0x9b
V  [libjvm.dylib+0x4f83c1]  JavaThread::run()+0x1a3
V  [libjvm.dylib+0x421762]  java_start(Thread*)+0x126
C  [libsystem_pthread.dylib+0x3268]  _pthread_body+0x83
C  [libsystem_pthread.dylib+0x31e5]  _pthread_body+0x0
C  [libsystem_pthread.dylib+0x141d]  thread_start+0xd


---------------  P R O C E S S  ---------------

Java Threads: ( => current thread )
  0x00007fc88a04e800 JavaThread "Service Thread" daemon [_thread_blocked, id=19203, stack(0x000000011fc85000,0x000000011fd85000)]
  0x00007fc88a008000 JavaThread "C2 CompilerThread1" daemon [_thread_blocked, id=18691, stack(0x000000011fb82000,0x000000011fc82000)]
  0x00007fc88a81b000 JavaThread "C2 CompilerThread0" daemon [_thread_blocked, id=18179, stack(0x000000011fa7f000,0x000000011fb7f000)]
  0x00007fc88a80a000 JavaThread "JDWP Command Reader" daemon [_thread_in_native, id=17667, stack(0x000000011f97c000,0x000000011fa7c000)]
  0x00007fc88a809000 JavaThread "JDWP Event Helper Thread" daemon [_thread_blocked, id=17155, stack(0x000000011f879000,0x000000011f979000)]
=>0x00007fc88a80b000 JavaThread "JDWP Transport Listener: dt_socket" daemon [_thread_in_vm, id=16643, stack(0x000000011f776000,0x000000011f876000)]
  0x00007fc88980d000 JavaThread "Signal Dispatcher" daemon [_thread_blocked, id=13335, stack(0x000000011f66d000,0x000000011f76d000)]
  0x00007fc889808800 JavaThread "Finalizer" daemon [_thread_blocked, id=11523, stack(0x000000011dc48000,0x000000011dd48000)]
  0x00007fc88a807800 JavaThread "Reference Handler" daemon [_thread_blocked, id=11011, stack(0x000000011db45000,0x000000011dc45000)]
  0x00007fc88a009000 JavaThread "main" [_thread_blocked, id=4867, stack(0x000000010f879000,0x000000010f979000)]

Other Threads:
  0x00007fc88b00d800 VMThread [stack: 0x000000011da42000,0x000000011db42000] [id=10499]
  0x00007fc88a05f000 WatcherThread [stack: 0x000000011fd88000,0x000000011fe88000] [id=19715]

VM state:not at safepoint (normal execution)

VM Mutex/Monitor currently owned by a thread: None

Heap
 PSYoungGen      total 76800K, used 9252K [0x00000007aaa80000, 0x00000007b0000000, 0x0000000800000000)
  eden space 66048K, 14% used [0x00000007aaa80000,0x00000007ab389060,0x00000007aeb00000)
  from space 10752K, 0% used [0x00000007af580000,0x00000007af580000,0x00000007b0000000)
  to   space 10752K, 0% used [0x00000007aeb00000,0x00000007aeb00000,0x00000007af580000)
 ParOldGen       total 174592K, used 0K [0x0000000700000000, 0x000000070aa80000, 0x00000007aaa80000)
  object space 174592K, 0% used [0x0000000700000000,0x0000000700000000,0x000000070aa80000)
 PSPermGen       total 21504K, used 4615K [0x00000006fae00000, 0x00000006fc300000, 0x0000000700000000)
  object space 21504K, 21% used [0x00000006fae00000,0x00000006fb281c00,0x00000006fc300000)

Card table byte_map: [0x0000000112aca000,0x00000001132f4000] byte_map_base: 0x000000010f2f3000

Polling page: 0x000000010e5fd000

Code Cache  [0x000000010fa0a000, 0x000000010fc7a000, 0x0000000112a0a000)
 total_blobs=216 nmethods=16 adapters=163 free_code_cache=48729Kb largest_free_block=49876224

Compilation events (10 events):
Event: 0.376 Thread 0x00007fc88a81b000 nmethod 12 0x000000010fa6eb10 code [0x000000010fa6ec60, 0x000000010fa6eef8]
Event: 0.380 Thread 0x00007fc88a008000 nmethod 10 0x000000010fa6e010 code [0x000000010fa6e180, 0x000000010fa6e798]
Event: 0.384 Thread 0x00007fc88a81b000   13             sun.net.www.ParseUtil::encodePath (336 bytes)
Event: 0.392 Thread 0x00007fc88a008000   14             java.lang.String::replace (127 bytes)
Event: 0.405 Thread 0x00007fc88a008000 nmethod 14 0x000000010fa70210 code [0x000000010fa70380, 0x000000010fa70898]
Event: 0.420 Thread 0x00007fc88a81b000 nmethod 13 0x000000010fa77250 code [0x000000010fa774c0, 0x000000010fa78798]
Event: 0.455 Thread 0x00007fc88a008000   15             java.lang.Math::min (11 bytes)
Event: 0.455 Thread 0x00007fc88a008000 nmethod 15 0x000000010fa6b810 code [0x000000010fa6b940, 0x000000010fa6b978]
Event: 0.482 Thread 0x00007fc88a008000   16             java.lang.String::length (6 bytes)
Event: 0.482 Thread 0x00007fc88a008000 nmethod 16 0x000000010fa6ff90 code [0x000000010fa700e0, 0x000000010fa70178]

GC Heap History (0 events):
No events

Deoptimization events (0 events):
No events

Internal exceptions (10 events):
Event: 0.543 Thread 0x00007fc88a009000 Threw 0x00000007ab28f6f8 at /HUDSON/workspace/7u-2-build-macosx-x86_64/jdk7u75/1940/hotspot/src/share/vm/prims/jvm.cpp:1281
Event: 0.545 Thread 0x00007fc88a009000 Threw 0x00000007ab297498 at /HUDSON/workspace/7u-2-build-macosx-x86_64/jdk7u75/1940/hotspot/src/share/vm/prims/jvm.cpp:1281
Event: 0.545 Thread 0x00007fc88a009000 Threw 0x00000007ab29ca38 at /HUDSON/workspace/7u-2-build-macosx-x86_64/jdk7u75/1940/hotspot/src/share/vm/prims/jvm.cpp:1281
Event: 0.546 Thread 0x00007fc88a009000 Threw 0x00000007ab2a31e8 at /HUDSON/workspace/7u-2-build-macosx-x86_64/jdk7u75/1940/hotspot/src/share/vm/prims/jvm.cpp:1281
Event: 0.546 Thread 0x00007fc88a009000 Threw 0x00000007ab2a9f38 at /HUDSON/workspace/7u-2-build-macosx-x86_64/jdk7u75/1940/hotspot/src/share/vm/prims/jvm.cpp:1281
Event: 0.548 Thread 0x00007fc88a009000 Threw 0x00000007ab2b1160 at /HUDSON/workspace/7u-2-build-macosx-x86_64/jdk7u75/1940/hotspot/src/share/vm/prims/jvm.cpp:1281
Event: 0.549 Thread 0x00007fc88a009000 Threw 0x00000007ab2b6bb0 at /HUDSON/workspace/7u-2-build-macosx-x86_64/jdk7u75/1940/hotspot/src/share/vm/prims/jvm.cpp:1281
Event: 0.550 Thread 0x00007fc88a009000 Threw 0x00000007ab2be748 at /HUDSON/workspace/7u-2-build-macosx-x86_64/jdk7u75/1940/hotspot/src/share/vm/prims/jvm.cpp:1281
Event: 0.551 Thread 0x00007fc88a009000 Threw 0x00000007ab2c1f88 at /HUDSON/workspace/7u-2-build-macosx-x86_64/jdk7u75/1940/hotspot/src/share/vm/prims/jvm.cpp:1281
Event: 0.553 Thread 0x00007fc88a009000 Threw 0x00000007ab2caab8 at /HUDSON/workspace/7u-2-build-macosx-x86_64/jdk7u75/1940/hotspot/src/share/vm/prims/jvm.cpp:1281

Events (10 events):
Event: 1920.880 Executing VM operation: ChangeBreakpoints
Event: 1920.880 Executing VM operation: ChangeBreakpoints done
Event: 1940.338 Executing VM operation: ChangeBreakpoints
Event: 1940.338 Executing VM operation: ChangeBreakpoints done
Event: 1948.511 Executing VM operation: ChangeBreakpoints
Event: 1948.511 Executing VM operation: ChangeBreakpoints done
Event: 2004.152 Executing VM operation: ChangeBreakpoints
Event: 2004.152 Executing VM operation: ChangeBreakpoints done
Event: 2011.984 Executing VM operation: RedefineClasses
Event: 2011.985 Executing VM operation: RedefineClasses done


Dynamic libraries:
0x0000000003445000 	/System/Library/Frameworks/Cocoa.framework/Versions/A/Cocoa
0x0000000003445000 	/System/Library/Frameworks/Security.framework/Versions/A/Security
0x0000000003445000 	/System/Library/Frameworks/ApplicationServices.framework/Versions/A/ApplicationServices
0x0000000003445000 	/usr/lib/libz.1.dylib
0x0000000003445000 	/usr/lib/libSystem.B.dylib
0x0000000003445000 	/usr/lib/libobjc.A.dylib
0x0000000003445000 	/System/Library/Frameworks/CoreFoundation.framework/Versions/A/CoreFoundation
0x0000000003445000 	/System/Library/Frameworks/Foundation.framework/Versions/C/Foundation
0x0000000003445000 	/System/Library/Frameworks/AppKit.framework/Versions/C/AppKit
0x0000000003445000 	/System/Library/Frameworks/CoreData.framework/Versions/A/CoreData
0x0000000003445000 	/System/Library/PrivateFrameworks/RemoteViewServices.framework/Versions/A/RemoteViewServices
0x0000000003445000 	/System/Library/PrivateFrameworks/UIFoundation.framework/Versions/A/UIFoundation
0x0000000003445000 	/System/Library/Frameworks/IOSurface.framework/Versions/A/IOSurface
0x0000000003445000 	/System/Library/Frameworks/AudioToolbox.framework/Versions/A/AudioToolbox
0x0000000003445000 	/System/Library/Frameworks/AudioUnit.framework/Versions/A/AudioUnit
0x0000000003445000 	/System/Library/PrivateFrameworks/DataDetectorsCore.framework/Versions/A/DataDetectorsCore
0x0000000003445000 	/System/Library/PrivateFrameworks/DesktopServicesPriv.framework/Versions/A/DesktopServicesPriv
0x0000000003445000 	/System/Library/Frameworks/Carbon.framework/Versions/A/Frameworks/HIToolbox.framework/Versions/A/HIToolbox
0x0000000003445000 	/System/Library/Frameworks/QuartzCore.framework/Versions/A/QuartzCore
0x0000000003445000 	/System/Library/Frameworks/Carbon.framework/Versions/A/Frameworks/SpeechRecognition.framework/Versions/A/SpeechRecognition
0x0000000003445000 	/usr/lib/libauto.dylib
0x0000000003445000 	/usr/lib/libicucore.A.dylib
0x0000000003445000 	/usr/lib/libxml2.2.dylib
0x0000000003445000 	/System/Library/PrivateFrameworks/CoreUI.framework/Versions/A/CoreUI
0x0000000003445000 	/System/Library/Frameworks/CoreAudio.framework/Versions/A/CoreAudio
0x0000000003445000 	/System/Library/Frameworks/DiskArbitration.framework/Versions/A/DiskArbitration
0x0000000003445000 	/usr/lib/liblangid.dylib
0x0000000003445000 	/System/Library/PrivateFrameworks/MultitouchSupport.framework/Versions/A/MultitouchSupport
0x0000000003445000 	/System/Library/Frameworks/IOKit.framework/Versions/A/IOKit
0x0000000003445000 	/usr/lib/libDiagnosticMessagesClient.dylib
0x0000000003445000 	/System/Library/Frameworks/CoreServices.framework/Versions/A/CoreServices
0x0000000003445000 	/System/Library/PrivateFrameworks/PerformanceAnalysis.framework/Versions/A/PerformanceAnalysis
0x0000000003445000 	/System/Library/PrivateFrameworks/GenerationalStorage.framework/Versions/A/GenerationalStorage
0x0000000003445000 	/System/Library/Frameworks/OpenGL.framework/Versions/A/OpenGL
0x0000000003445000 	/System/Library/PrivateFrameworks/Sharing.framework/Versions/A/Sharing
0x0000000003445000 	/System/Library/Frameworks/CoreGraphics.framework/Versions/A/CoreGraphics
0x0000000003445000 	/System/Library/Frameworks/CoreText.framework/Versions/A/CoreText
0x0000000003445000 	/System/Library/Frameworks/ImageIO.framework/Versions/A/ImageIO
0x0000000003445000 	/usr/lib/libextension.dylib
0x0000000003445000 	/System/Library/PrivateFrameworks/Backup.framework/Versions/A/Backup
0x0000000003445000 	/usr/lib/libarchive.2.dylib
0x0000000003445000 	/System/Library/Frameworks/CFNetwork.framework/Versions/A/CFNetwork
0x0000000003445000 	/System/Library/Frameworks/SystemConfiguration.framework/Versions/A/SystemConfiguration
0x0000000003445000 	/usr/lib/libCRFSuite.dylib
0x0000000003445000 	/usr/lib/libc++.1.dylib
0x0000000003445000 	/usr/lib/libc++abi.dylib
0x0000000003445000 	/usr/lib/system/libcache.dylib
0x0000000003445000 	/usr/lib/system/libcommonCrypto.dylib
0x0000000003445000 	/usr/lib/system/libcompiler_rt.dylib
0x0000000003445000 	/usr/lib/system/libcopyfile.dylib
0x0000000003445000 	/usr/lib/system/libcorecrypto.dylib
0x0000000003445000 	/usr/lib/system/libdispatch.dylib
0x0000000003445000 	/usr/lib/system/libdyld.dylib
0x0000000003445000 	/usr/lib/system/libkeymgr.dylib
0x0000000003445000 	/usr/lib/system/liblaunch.dylib
0x0000000003445000 	/usr/lib/system/libmacho.dylib
0x0000000003445000 	/usr/lib/system/libquarantine.dylib
0x0000000003445000 	/usr/lib/system/libremovefile.dylib
0x0000000003445000 	/usr/lib/system/libsystem_asl.dylib
0x0000000003445000 	/usr/lib/system/libsystem_blocks.dylib
0x0000000003445000 	/usr/lib/system/libsystem_c.dylib
0x0000000003445000 	/usr/lib/system/libsystem_configuration.dylib
0x0000000003445000 	/usr/lib/system/libsystem_coreservices.dylib
0x0000000003445000 	/usr/lib/system/libsystem_coretls.dylib
0x0000000003445000 	/usr/lib/system/libsystem_dnssd.dylib
0x0000000003445000 	/usr/lib/system/libsystem_info.dylib
0x0000000003445000 	/usr/lib/system/libsystem_kernel.dylib
0x0000000003445000 	/usr/lib/system/libsystem_m.dylib
0x0000000003445000 	/usr/lib/system/libsystem_malloc.dylib
0x0000000003445000 	/usr/lib/system/libsystem_network.dylib
0x0000000003445000 	/usr/lib/system/libsystem_networkextension.dylib
0x0000000003445000 	/usr/lib/system/libsystem_notify.dylib
0x0000000003445000 	/usr/lib/system/libsystem_platform.dylib
0x0000000003445000 	/usr/lib/system/libsystem_pthread.dylib
0x0000000003445000 	/usr/lib/system/libsystem_sandbox.dylib
0x0000000003445000 	/usr/lib/system/libsystem_secinit.dylib
0x0000000003445000 	/usr/lib/system/libsystem_stats.dylib
0x0000000003445000 	/usr/lib/system/libsystem_trace.dylib
0x0000000003445000 	/usr/lib/system/libunc.dylib
0x0000000003445000 	/usr/lib/system/libunwind.dylib
0x0000000003445000 	/usr/lib/system/libxpc.dylib
0x0000000003445000 	/usr/lib/libbz2.1.0.dylib
0x0000000003445000 	/usr/lib/liblzma.5.dylib
0x0000000003445000 	/usr/lib/libbsm.0.dylib
0x0000000003445000 	/usr/lib/libsqlite3.dylib
0x0000000003445000 	/usr/lib/system/libkxld.dylib
0x0000000003445000 	/usr/lib/libxar.1.dylib
0x0000000003445000 	/usr/lib/libpam.2.dylib
0x0000000003445000 	/usr/lib/libOpenScriptingUtil.dylib
0x0000000003445000 	/System/Library/Frameworks/CoreServices.framework/Versions/A/Frameworks/FSEvents.framework/Versions/A/FSEvents
0x0000000003445000 	/System/Library/Frameworks/CoreServices.framework/Versions/A/Frameworks/CarbonCore.framework/Versions/A/CarbonCore
0x0000000003445000 	/System/Library/Frameworks/CoreServices.framework/Versions/A/Frameworks/Metadata.framework/Versions/A/Metadata
0x0000000003445000 	/System/Library/Frameworks/CoreServices.framework/Versions/A/Frameworks/OSServices.framework/Versions/A/OSServices
0x0000000003445000 	/System/Library/Frameworks/CoreServices.framework/Versions/A/Frameworks/SearchKit.framework/Versions/A/SearchKit
0x0000000003445000 	/System/Library/Frameworks/CoreServices.framework/Versions/A/Frameworks/AE.framework/Versions/A/AE
0x0000000003445000 	/System/Library/Frameworks/CoreServices.framework/Versions/A/Frameworks/LaunchServices.framework/Versions/A/LaunchServices
0x0000000003445000 	/System/Library/Frameworks/CoreServices.framework/Versions/A/Frameworks/DictionaryServices.framework/Versions/A/DictionaryServices
0x0000000003445000 	/System/Library/Frameworks/NetFS.framework/Versions/A/NetFS
0x0000000003445000 	/System/Library/PrivateFrameworks/NetAuth.framework/Versions/A/NetAuth
0x0000000003445000 	/System/Library/PrivateFrameworks/login.framework/Versions/A/Frameworks/loginsupport.framework/Versions/A/loginsupport
0x0000000003445000 	/System/Library/PrivateFrameworks/TCC.framework/Versions/A/TCC
0x0000000003445000 	/usr/lib/libmecabra.dylib
0x0000000003445000 	/System/Library/Frameworks/ApplicationServices.framework/Versions/A/Frameworks/ATS.framework/Versions/A/ATS
0x0000000003445000 	/System/Library/Frameworks/ApplicationServices.framework/Versions/A/Frameworks/ColorSync.framework/Versions/A/ColorSync
0x0000000003445000 	/System/Library/Frameworks/ApplicationServices.framework/Versions/A/Frameworks/HIServices.framework/Versions/A/HIServices
0x0000000003445000 	/System/Library/Frameworks/ApplicationServices.framework/Versions/A/Frameworks/LangAnalysis.framework/Versions/A/LangAnalysis
0x0000000003445000 	/System/Library/Frameworks/ApplicationServices.framework/Versions/A/Frameworks/PrintCore.framework/Versions/A/PrintCore
0x0000000003445000 	/System/Library/Frameworks/ApplicationServices.framework/Versions/A/Frameworks/QD.framework/Versions/A/QD
0x0000000003445000 	/System/Library/Frameworks/ApplicationServices.framework/Versions/A/Frameworks/SpeechSynthesis.framework/Versions/A/SpeechSynthesis
0x0000000003445000 	/System/Library/Frameworks/Accelerate.framework/Versions/A/Accelerate
0x0000000003445000 	/System/Library/Frameworks/Accelerate.framework/Versions/A/Frameworks/vImage.framework/Versions/A/vImage
0x0000000003445000 	/System/Library/Frameworks/Accelerate.framework/Versions/A/Frameworks/vecLib.framework/Versions/A/vecLib
0x0000000003445000 	/System/Library/Frameworks/Accelerate.framework/Versions/A/Frameworks/vecLib.framework/Versions/A/libvDSP.dylib
0x0000000003445000 	/System/Library/Frameworks/Accelerate.framework/Versions/A/Frameworks/vecLib.framework/Versions/A/libvMisc.dylib
0x0000000003445000 	/System/Library/Frameworks/Accelerate.framework/Versions/A/Frameworks/vecLib.framework/Versions/A/libLAPACK.dylib
0x0000000003445000 	/System/Library/Frameworks/Accelerate.framework/Versions/A/Frameworks/vecLib.framework/Versions/A/libBLAS.dylib
0x0000000003445000 	/System/Library/Frameworks/Accelerate.framework/Versions/A/Frameworks/vecLib.framework/Versions/A/libLinearAlgebra.dylib
0x0000000003445000 	/System/Library/Frameworks/ApplicationServices.framework/Versions/A/Frameworks/ATS.framework/Versions/A/Resources/libFontParser.dylib
0x0000000003445000 	/System/Library/Frameworks/ApplicationServices.framework/Versions/A/Frameworks/ATS.framework/Versions/A/Resources/libFontRegistry.dylib
0x0000000003445000 	/System/Library/PrivateFrameworks/AppleVPA.framework/Versions/A/AppleVPA
0x0000000003445000 	/System/Library/PrivateFrameworks/AppleJPEG.framework/Versions/A/AppleJPEG
0x0000000003445000 	/System/Library/Frameworks/ImageIO.framework/Versions/A/Resources/libJPEG.dylib
0x0000000003445000 	/System/Library/Frameworks/ImageIO.framework/Versions/A/Resources/libTIFF.dylib
0x0000000003445000 	/System/Library/Frameworks/ImageIO.framework/Versions/A/Resources/libPng.dylib
0x0000000003445000 	/System/Library/Frameworks/ImageIO.framework/Versions/A/Resources/libGIF.dylib
0x0000000003445000 	/System/Library/Frameworks/ImageIO.framework/Versions/A/Resources/libJP2.dylib
0x0000000003445000 	/System/Library/Frameworks/ImageIO.framework/Versions/A/Resources/libRadiance.dylib
0x0000000003445000 	/System/Library/Frameworks/CoreVideo.framework/Versions/A/CoreVideo
0x0000000003445000 	/System/Library/Frameworks/OpenGL.framework/Versions/A/Libraries/libGLU.dylib
0x0000000003445000 	/System/Library/Frameworks/OpenGL.framework/Versions/A/Libraries/libGFXShared.dylib
0x0000000003445000 	/System/Library/Frameworks/OpenGL.framework/Versions/A/Libraries/libGL.dylib
0x0000000003445000 	/System/Library/Frameworks/OpenGL.framework/Versions/A/Libraries/libGLImage.dylib
0x0000000003445000 	/System/Library/Frameworks/OpenGL.framework/Versions/A/Libraries/libCVMSPluginSupport.dylib
0x0000000003445000 	/System/Library/Frameworks/OpenGL.framework/Versions/A/Libraries/libCoreVMClient.dylib
0x0000000003445000 	/usr/lib/libcups.2.dylib
0x0000000003445000 	/System/Library/Frameworks/Kerberos.framework/Versions/A/Kerberos
0x0000000003445000 	/System/Library/Frameworks/GSS.framework/Versions/A/GSS
0x0000000003445000 	/usr/lib/libresolv.9.dylib
0x0000000003445000 	/usr/lib/libiconv.2.dylib
0x0000000003445000 	/System/Library/PrivateFrameworks/Heimdal.framework/Versions/A/Heimdal
0x0000000003445000 	/usr/lib/libheimdal-asn1.dylib
0x0000000003445000 	/System/Library/Frameworks/OpenDirectory.framework/Versions/A/OpenDirectory
0x0000000003445000 	/System/Library/PrivateFrameworks/CommonAuth.framework/Versions/A/CommonAuth
0x0000000003445000 	/System/Library/Frameworks/OpenDirectory.framework/Versions/A/Frameworks/CFOpenDirectory.framework/Versions/A/CFOpenDirectory
0x0000000003445000 	/System/Library/Frameworks/SecurityFoundation.framework/Versions/A/SecurityFoundation
0x0000000003445000 	/System/Library/PrivateFrameworks/LanguageModeling.framework/Versions/A/LanguageModeling
0x0000000003445000 	/usr/lib/libcmph.dylib
0x0000000003445000 	/System/Library/Frameworks/ServiceManagement.framework/Versions/A/ServiceManagement
0x0000000003445000 	/usr/lib/libxslt.1.dylib
0x0000000003445000 	/System/Library/Frameworks/Carbon.framework/Versions/A/Frameworks/Ink.framework/Versions/A/Ink
0x0000000003445000 	/System/Library/Frameworks/QuartzCore.framework/Versions/A/Frameworks/CoreImage.framework/Versions/A/CoreImage
0x0000000003445000 	/System/Library/PrivateFrameworks/CrashReporterSupport.framework/Versions/A/CrashReporterSupport
0x0000000003445000 	/System/Library/Frameworks/OpenCL.framework/Versions/A/OpenCL
0x0000000003445000 	/System/Library/PrivateFrameworks/FaceCore.framework/Versions/A/FaceCore
0x0000000003445000 	/System/Library/PrivateFrameworks/Ubiquity.framework/Versions/A/Ubiquity
0x0000000003445000 	/System/Library/PrivateFrameworks/IconServices.framework/Versions/A/IconServices
0x0000000003445000 	/System/Library/PrivateFrameworks/ChunkingLibrary.framework/Versions/A/ChunkingLibrary
0x0000000003445000 	/System/Library/PrivateFrameworks/Apple80211.framework/Versions/A/Apple80211
0x0000000003445000 	/System/Library/Frameworks/CoreWLAN.framework/Versions/A/CoreWLAN
0x0000000003445000 	/System/Library/Frameworks/IOBluetooth.framework/Versions/A/IOBluetooth
0x0000000003445000 	/System/Library/PrivateFrameworks/CoreWiFi.framework/Versions/A/CoreWiFi
0x0000000003445000 	/System/Library/Frameworks/CoreBluetooth.framework/Versions/A/CoreBluetooth
0x0000000003445000 	/System/Library/PrivateFrameworks/DebugSymbols.framework/Versions/A/DebugSymbols
0x0000000003445000 	/System/Library/PrivateFrameworks/CoreSymbolication.framework/Versions/A/CoreSymbolication
0x0000000003445000 	/System/Library/PrivateFrameworks/Symbolication.framework/Versions/A/Symbolication
0x0000000003445000 	/System/Library/PrivateFrameworks/SpeechRecognitionCore.framework/Versions/A/SpeechRecognitionCore
0x000000010ee17000 	/Library/Java/JavaVirtualMachines/jdk1.7.0_75.jdk/Contents/Home/jre/lib/server/libjvm.dylib
0x0000000003445000 	/usr/lib/libstdc++.6.dylib
0x000000010f97b000 	/Library/Java/JavaVirtualMachines/jdk1.7.0_75.jdk/Contents/Home/jre/lib/libverify.dylib
0x000000010f988000 	/Library/Java/JavaVirtualMachines/jdk1.7.0_75.jdk/Contents/Home/jre/lib/libjava.dylib
0x000000010f9b8000 	/Library/Java/JavaVirtualMachines/jdk1.7.0_75.jdk/Contents/Home/jre/lib/libjdwp.dylib
0x000000010f9f5000 	/Library/Java/JavaVirtualMachines/jdk1.7.0_75.jdk/Contents/Home/jre/lib/libnpt.dylib
0x000000010fa01000 	/Library/Java/JavaVirtualMachines/jdk1.7.0_75.jdk/Contents/Home/jre/lib/libzip.dylib
0x000000011dd4a000 	/System/Library/Frameworks/JavaVM.framework/Frameworks/JavaRuntimeSupport.framework/JavaRuntimeSupport
0x000000011dd62000 	/System/Library/Frameworks/JavaVM.framework/Versions/A/Frameworks/JavaNativeFoundation.framework/Versions/A/JavaNativeFoundation
0x000000011dd77000 	/System/Library/Frameworks/JavaVM.framework/Versions/A/JavaVM
0x0000000003445000 	/System/Library/Frameworks/Carbon.framework/Versions/A/Carbon
0x000000011dd84000 	/System/Library/PrivateFrameworks/JavaLaunching.framework/Versions/A/JavaLaunching
0x0000000003445000 	/System/Library/Frameworks/Carbon.framework/Versions/A/Frameworks/CommonPanels.framework/Versions/A/CommonPanels
0x0000000003445000 	/System/Library/Frameworks/Carbon.framework/Versions/A/Frameworks/Help.framework/Versions/A/Help
0x0000000003445000 	/System/Library/Frameworks/Carbon.framework/Versions/A/Frameworks/ImageCapture.framework/Versions/A/ImageCapture
0x0000000003445000 	/System/Library/Frameworks/Carbon.framework/Versions/A/Frameworks/OpenScripting.framework/Versions/A/OpenScripting
0x0000000003445000 	/System/Library/Frameworks/Carbon.framework/Versions/A/Frameworks/Print.framework/Versions/A/Print
0x0000000003445000 	/System/Library/Frameworks/Carbon.framework/Versions/A/Frameworks/SecurityHI.framework/Versions/A/SecurityHI
0x000000011f76f000 	/Library/Java/JavaVirtualMachines/jdk1.7.0_75.jdk/Contents/Home/jre/lib/libdt_socket.dylib

VM Arguments:
jvm_args: -agentlib:jdwp=transport=dt_socket,address=127.0.0.1:60022,suspend=y,server=n -ea -Dfile.encoding=UTF-8 
java_command: com.intellij.rt.execution.junit.JUnitStarter -ideVersion5 uk.sky.DataFiltererTest,whenFilteredByACountryOnlySameCountryRequestsAreReturned
Launcher Type: SUN_STANDARD

Environment Variables:
JAVA_HOME=/Library/Java/JavaVirtualMachines/jdk1.7.0_75.jdk/Contents/Home
PATH=/Users/rcastro/.gvm/vertx/current/bin:/Users/rcastro/.gvm/springboot/current/bin:/Users/rcastro/.gvm/lazybones/current/bin:/Users/rcastro/.gvm/jbake/current/bin:/Users/rcastro/.gvm/groovyserv/current/bin:/Users/rcastro/.gvm/groovy/current/bin:/Users/rcastro/.gvm/griffon/current/bin:/Users/rcastro/.gvm/grails/current/bin:/Users/rcastro/.gvm/gradle/current/bin:/Users/rcastro/.gvm/glide/current/bin:/Users/rcastro/.gvm/gaiden/current/bin:/Users/rcastro/.gvm/crash/current/bin:/Users/rcastro/.gvm/asciidoctorj/current/bin:/usr/local/bin:/usr/bin:/bin:/usr/sbin:/sbin:/usr/texbin
SHELL=/bin/bash

Signal Handlers:
SIGSEGV: [libjvm.dylib+0x52d20d], sa_mask[0]=0xfffefeff, sa_flags=0x00000043
SIGBUS: [libjvm.dylib+0x52d20d], sa_mask[0]=0xfffefeff, sa_flags=0x00000042
SIGFPE: [libjvm.dylib+0x41ee7a], sa_mask[0]=0xfffefeff, sa_flags=0x00000042
SIGPIPE: [libjvm.dylib+0x41ee7a], sa_mask[0]=0xfffefeff, sa_flags=0x00000042
SIGXFSZ: [libjvm.dylib+0x41ee7a], sa_mask[0]=0xfffefeff, sa_flags=0x00000042
SIGILL: [libjvm.dylib+0x41ee7a], sa_mask[0]=0xfffefeff, sa_flags=0x00000042
SIGUSR1: SIG_DFL, sa_mask[0]=0x00000000, sa_flags=0x00000000
SIGUSR2: [libjvm.dylib+0x41e96c], sa_mask[0]=0x00000004, sa_flags=0x00000042
SIGHUP: [libjvm.dylib+0x41cbfd], sa_mask[0]=0xfffefeff, sa_flags=0x00000042
SIGINT: [libjvm.dylib+0x41cbfd], sa_mask[0]=0xfffefeff, sa_flags=0x00000042
SIGTERM: [libjvm.dylib+0x41cbfd], sa_mask[0]=0xfffefeff, sa_flags=0x00000042
SIGQUIT: [libjvm.dylib+0x41cbfd], sa_mask[0]=0xfffefeff, sa_flags=0x00000042


---------------  S Y S T E M  ---------------

OS:Bsduname:Darwin 14.3.0 Darwin Kernel Version 14.3.0: Mon Mar 23 11:59:05 PDT 2015; root:xnu-2782.20.48~5/RELEASE_X86_64 x86_64
rlimit: STACK 8192k, CORE 0k, NPROC 709, NOFILE 10240, AS infinity
load average:3.71 4.45 4.40

CPU:total 4 (2 cores per cpu, 2 threads per core) family 6 model 69 stepping 1, cmov, cx8, fxsr, mmx, sse, sse2, sse3, ssse3, sse4.1, sse4.2, popcnt, avx, avx2, aes, erms, ht, tsc, tscinvbit

Memory: 4k page, physical 16777216k(4194304k free)

/proc/meminfo:


vm_info: Java HotSpot(TM) 64-Bit Server VM (24.75-b04) for bsd-amd64 JRE (1.7.0_75-b13), built on Dec 18 2014 21:48:12 by "java_re" with gcc 4.2.1 (Based on Apple Inc. build 5658) (LLVM build 2336.11.00)

time: Wed Jun 17 12:07:54 2015
elapsed time: 2012 seconds

